Mad-Assembler v1.6.9beta by TeBe/Madteam
Source: D:\!Atari\getris2\title\tmc_relocator.mac
     1
     2 				/*
     3 				  TMC111 Relocator
     4
     5 				 $0000..$001C	- bajty informacyjne
     6 				 $001D		- musi byc tu zawsze spacja ($20)
     7 				 $001E		- tempo, jest to wartosc o jeden mniejsza niz w CMC, MPT lub Delcie
     8 				 $001F		- czestotliwosc odtwarzenia na ramke
     9 				 $0020..$005F	- mlodsze bajty adresow instrumentow
    10 				 $0060..$009F	- starsze bajty adresow instrumentow (jezeli po zORowaniu daja 0, to znaczy, ze dzwiek jest pusty)
    11 				 $00A0..$011F	- mlodsze bajty adresow patternow
    12 				 $0120..$019F	- starsze bajty adresow patternow
    13 				*/
    14
    15
    16 				.macro	tmc_relocator
    17
    18 				;	.put [0:$FFFF] = 0				// czyscimy bufor MADS'a
    19
    20 					.get :1						// wczytaj plik do bufora MADS'a
    21
    22 					new_add	equ :2					// nowy adres modulu TMC
    23
    24 					old_add	equ .get[2] + .get[3]<<8		// stary adres modulu TMC
    25 					length	equ .get[4] + .get[5]<<8 - old_add + 1	// dlugosc pliku TMC bez naglowka DOS'u
    26
    27 					.put[2] = .lo(new_add)				// poprawiamy naglowek DOS'a
    28 					.put[3] = .hi(new_add)				// tak aby zawieral informacje o nowym
    29
    30 					.put[4] = .lo(new_add + length - 1)		// adresie modulu TMC
    31 					.put[5] = .hi(new_add + length - 1)
    32
    33 				ofs	equ 6
    34
    35 					fps	equ .get[ofs+$1f]			// liczba wywolana playera na ramke
    36
    37 					?tmp = .get[ofs+$20] + .get[ofs+$60]<<8		// sprawdzamy adres pierwszego instrumentu
    38
    39 					ift ?tmp = 0					// jesli adres = 0 tzn ze plik jest pusty
    40 					 ert 'Song is empty'
    41 					eif
    42
    43 				// instruments
    44
    45 					.rept 64
    46
    47 					?tmp = .get[ofs+$20+.r] + .get[ofs+$60+.r]<<8
    48
    49 					ift ?tmp <> 0
    50 					?hlp = ?tmp - old_add + new_add
    51
    52 					.put[ofs+$20+.r] = .lo(?hlp)
    53 					.put[ofs+$60+.r] = .hi(?hlp)
    54 					eif
    55
    56 					.endr
    57
    58 				// patterns
    59
    60 					.rept 128
    61
    62 					?tmp = .get[ofs+$00a0+.r] + .get[ofs+$0120+.r]<<8
    63
    64 					?hlp = ?tmp - old_add + new_add
    65
    66 					.put[ofs+$00a0+.r] = .lo(?hlp)
    67 					.put[ofs+$0120+.r] = .hi(?hlp)
    68
    69 					.endr
    70
    71 				// out new file
    72
    73 				;	.sav 'test.tmc',length + 6			// zapisujemy zawartosc bufora MADS'a do pliku
    74
    75 				.endm
