Mad-Assembler v1.6.9beta by TeBe/Madteam
Source: D:\!Atari\getris2\msx_cmc\playcmc.asm
     1 				*---------------------------*
     2 				*     cmc player v 2.1      *
     3 				*   by Marcin Lewandowski   *
     4 				* based on cmc player v 2.0 *
     5 				*      by Janusz Pelc       *
     6 				*---------------------------*
     7
     8 				 org $500
     9
    10 				.proc playerCMC
    11
    12 				*--- tablica basu (chyba)
    13
    14 = 00,0001		bass equ 1
    15
    16 				*--- strona 0
    17
    18 = 00,00FC		addr equ $fc
    19 = 00,00FE		word equ $fe
    20
    21 				*--- skoki
    22
    23 FFFF> 00,0500-0CDA> 4C +	 jmp basic
    24 00,0503 4C 78 05		 jmp init
    25 00,0506 4C CB 07		 jmp play
    26
    27 				*--- dane
    28
    29 00,0509 00 00 00		volume dta d'   '
    30 00,050C 00 00 00		czest  dta d'   '
    31 00,050F 00 00 00		numins dta d'   '
    32
    33 00,0512 A0 E3 ED E3 A0 +	 dta c' cmc player v 2.1 '*
    34
    35 00,0524 00 00 00 00	frq    dta d'    '
    36 00,0528 00 00 00 00	znieks dta d'    '
    37 00,052C 00		audc   dta b(0)
    38
    39 00,052D 00 00 00		czest1 dta d'   '
    40 00,0530 00 00 00		czest2 dta d'   '
    41 00,0533 00 00 00		czest3 dta d'   '
    42 00,0536 00 00 00		zniek  dta d'   '
    43 00,0539 FF FF FF		count1 dta b($ff),b($ff),b($ff)
    44 00,053C 00 00 00		count2 dta d'   '
    45 00,053F 00 00 00		lopad  dta d'   '
    46 00,0542 00 00 00		numptr dta d'   '
    47 00,0545 00 00 00		poswpt dta d'   '
    48 00,0548 00 00 00		ilewol dta d'   '
    49 00,054B 80 80 80		czygrx dta b($80),b($80),b($80)
    50 00,054E 80		czygrc dta b($80)
    51
    52 00,054F 00 00 00		dana0  dta d'   '
    53 00,0552 00 00 00		dana1  dta d'   '
    54 00,0555 00 00 00		dana2  dta d'   '
    55 00,0558 00 00 00		dana3  dta d'   '
    56 00,055B 00 00 00		dana4  dta d'   '
    57 00,055E 00 00 00		dana5  dta d'   '
    58 00,0561 00 00 00		ladr   dta d'   '
    59 00,0564 00 00 00		hadr   dta d'   '
    60
    61 00,0567 00		posptr dta b(0)
    62 00,0568 00		possng dta b(0)
    63 00,0569 00		pocrep dta b(0)
    64 00,056A 00		konrep dta b(0)
    65 00,056B 00		ilrep  dta b(0)
    66 00,056C 00		tmpo   dta b(0)
    67 00,056D 00		ltemp  dta b(0)
    68 00,056E 00		b1     dta b(0)
    69 00,056F 00		b2     dta b(0)
    70 00,0570 00		b3     dta b(0)
    71 00,0571 00		czygr  dta b(0)
    72
    73 00,0572 00 00		adrmus dta a(0)
    74 00,0574 00 00		adradr dta a(0)
    75 00,0576 00 00		adrsng dta a(0)
    76
    77 				*--- init
    78
    79 00,0578 8D 6E 05		init sta b1
    80 00,057B 8E 6F 05		 stx b2
    81 00,057E 8C 70 05		 sty b3
    82 00,0581 29 70		 and #$70
    83 00,0583 4A		 lsr @
    84 00,0584 4A		 lsr @
    85 00,0585 4A		 lsr @
    86 00,0586 AA		 tax
    87 00,0587 BD 8F 0B		 lda tab1,x
    88 00,058A 8D A9 05		 sta zm1+1
    89 00,058D BD 90 0B		 lda tab1+1,x
    90 00,0590 8D AA 05		 sta zm1+2
    91 00,0593 A9 03		 lda #3
    92 00,0595 8D 0F D2		 sta $d20f
    93 00,0598 D8		 cld
    94 00,0599 A5 FE		 lda word
    95 00,059B 48		 pha
    96 00,059C A5 FF		 lda word+1
    97 00,059E 48		 pha
    98 00,059F AC 70 05		 ldy b3
    99 00,05A2 AE 6F 05		 ldx b2
   100 00,05A5 AD 6E 05		 lda b1
   101 00,05A8 20 B2 05		zm1 jsr graj
   102 00,05AB 68		 pla
   103 00,05AC 85 FF		 sta word+1
   104 00,05AE 68		 pla
   105 00,05AF 85 FE		 sta word
   106 00,05B1 60		 rts
   107
   108 00,05B2 AD 76 05		graj lda adrsng
   109 00,05B5 85 FE		 sta word
   110 00,05B7 AD 77 05		 lda adrsng+1
   111 00,05BA 85 FF		 sta word+1
   112 00,05BC A0 00		 ldy #0
   113 00,05BE 8A		 txa
   114 00,05BF F0 1C		 beq grajx
   115 00,05C1 B1 FE		l1 lda (word),y
   116 00,05C3 C9 8F		 cmp #$8f
   117 00,05C5 F0 04		 beq l2
   118 00,05C7 C9 EF		 cmp #$ef
   119 00,05C9 D0 0C		 bne l3
   120 00,05CB CA		l2 dex
   121 00,05CC D0 09		 bne l3
   122 00,05CE C8		 iny
   123 00,05CF C0 54		 cpy #$54
   124 00,05D1 B0 09		 bcs l4
   125 00,05D3 98		 tya
   126 00,05D4 AA		 tax
   127 00,05D5 10 06		 bpl grajx
   128 00,05D7 C8		l3 iny
   129 00,05D8 C0 54		 cpy #$54
   130 00,05DA 90 E5		 bcc l1
   131 00,05DC 60		l4 rts
   132
   133 00,05DD 8E 68 05		grajx stx possng
   134 00,05E0 20 7B 06		 jsr skoncz
   135 00,05E3 A9 00		 lda #0
   136 00,05E5 A2 09		 ldx #9
   137 00,05E7 9D 45 05		l5 sta poswpt,x
   138 00,05EA CA		 dex
   139 00,05EB 10 FA		 bpl l5
   140 00,05ED 8D 67 05		 sta posptr
   141 00,05F0 A9 01		 lda #1
   142 00,05F2 8D 71 05		 sta czygr
   143 00,05F5 A9 FF		 lda #$ff
   144 00,05F7 8D 6A 05		 sta konrep
   145 00,05FA AD 72 05		 lda adrmus
   146 00,05FD 85 FE		 sta word
   147 00,05FF AD 73 05		 lda adrmus+1
   148 00,0602 85 FF		 sta word+1
   149 00,0604 A0 13		 ldy #$13
   150 00,0606 B1 FE		 lda (word),y
   151 00,0608 AA		 tax
   152 00,0609 AD 76 05		 lda adrsng
   153 00,060C 85 FE		 sta word
   154 00,060E AD 77 05		 lda adrsng+1
   155 00,0611 85 FF		 sta word+1
   156 00,0613 AC 68 05		 ldy possng
   157 00,0616 B1 FE		l6 lda (word),y
   158 00,0618 C9 CF		 cmp #$cf
   159 00,061A D0 0D		 bne l7
   160 00,061C 98		 tya
   161 00,061D 18		 clc
   162 00,061E 69 55		 adc #$55
   163 00,0620 A8		 tay
   164 00,0621 B1 FE		 lda (word),y
   165 00,0623 30 0F		 bmi l8
   166 00,0625 AA		 tax
   167 00,0626 4C 34 06		 jmp l8
   168 00,0629 C9 8F		l7 cmp #$8f
   169 00,062B F0 07		 beq l8
   170 00,062D C9 EF		 cmp #$ef
   171 00,062F F0 03		 beq l8
   172 00,0631 88		 dey
   173 00,0632 10 E2		 bpl l6
   174 00,0634 8E 6C 05		l8 stx tmpo
   175 00,0637 8E 6D 05		 stx ltemp
   176 00,063A 60		 rts
   177
   178 00,063B 29 0F		tempo and #$f
   179 00,063D F0 F5		 beq l8
   180 00,063F 8E D8 0A		 stx d0+1
   181 00,0642 8E EE 0A		 stx d1+1
   182 00,0645 8E FD 0A		 stx d2+1
   183 00,0648 8C D9 0A		 sty d0+2
   184 00,064B 8C EF 0A		 sty d1+2
   185 00,064E 8C FE 0A		 sty d2+2
   186 00,0651 60		 rts
   187
   188 00,0652 8E 72 05		inic stx adrmus
   189 00,0655 86 FE		 stx word
   190 00,0657 8C 73 05		 sty adrmus+1
   191 00,065A 84 FF		 sty word+1
   192 00,065C 18		 clc
   193 00,065D 8A		 txa
   194 00,065E 69 14		 adc #$14
   195 00,0660 8D 74 05		 sta adradr
   196 00,0663 98		 tya
   197 00,0664 69 00		 adc #0
   198 00,0666 8D 75 05		 sta adradr+1
   199 00,0669 8E 76 05		 stx adrsng
   200 00,066C C8		 iny
   201 00,066D C8		 iny
   202 00,066E 8C 77 05		 sty adrsng+1
   203 00,0671 A0 13		 ldy #$13
   204 00,0673 B1 FE		 lda (word),y
   205 00,0675 8D 6C 05		 sta tmpo
   206 00,0678 8D 6D 05		 sta ltemp
   207
   208 00,067B A2 08		skoncz ldx #8
   209 00,067D A9 00		l9 lda #0
   210 00,067F 8D 71 05		 sta czygr
   211 00,0682 9D 00 D2		 sta $d200,x
   212 00,0685 E0 03		 cpx #3
   213 00,0687 B0 08		 bcs l10
   214 00,0689 9D 09 05		 sta volume,x
   215 00,068C A9 FF		 lda #$ff
   216 00,068E 9D 39 05		 sta count1,x
   217 00,0691 CA		l10 dex
   218 00,0692 10 E9		 bpl l9
   219
   220 00,0694 A9 80		przer lda #$80
   221 00,0696 A2 03		l11 ldx #3
   222 00,0698 9D 4B 05		l12 sta czygrx,x
   223 00,069B CA		 dex
   224 00,069C 10 FA		 bpl l12
   225 00,069E 60		l13 rts
   226
   227 00,069F A9 01		kont lda #1
   228 00,06A1 8D 71 05		 sta czygr
   229 00,06A4 A9 00		 lda #0
   230 00,06A6 F0 EE		 beq l11
   231
   232 00,06A8 29 03		instr and #3
   233 00,06AA C9 03		 cmp #3
   234 00,06AC F0 F0		 beq l13
   235 00,06AE E0 40		 cpx #$40
   236 00,06B0 B0 EC		 bcs l13
   237 00,06B2 C0 1A		 cpy #26
   238 00,06B4 B0 E8		 bcs l13
   239 00,06B6 AA		 tax
   240 00,06B7 A9 80		 lda #$80
   241 00,06B9 9D 4B 05		 sta czygrx,x
   242
   243 00,06BC A9 00		inst lda #0
   244 00,06BE 9D 39 05		 sta count1,x
   245 00,06C1 9D 3C 05		 sta count2,x
   246 00,06C4 9D 3F 05		 sta lopad,x
   247 00,06C7 AD 6F 05		 lda b2
   248 00,06CA 9D 0C 05		 sta czest,x
   249
   250 00,06CD AD 70 05		 lda b3
   251 00,06D0 0A		 asl @
   252 00,06D1 0A		 asl @
   253 00,06D2 0A		 asl @
   254 00,06D3 85 FE		 sta word
   255 00,06D5 18		 clc
   256 00,06D6 AD 72 05		 lda adrmus
   257 00,06D9 69 30		 adc #$30
   258 00,06DB 48		 pha
   259 00,06DC AD 73 05		 lda adrmus+1
   260 00,06DF 69 01		 adc #1
   261 00,06E1 A8		 tay
   262 00,06E2 68		 pla
   263 00,06E3 18		 clc
   264 00,06E4 65 FE		 adc word
   265 00,06E6 9D 61 05		 sta ladr,x
   266 00,06E9 98		 tya
   267 00,06EA 69 00		 adc #0
   268 00,06EC 9D 64 05		 sta hadr,x
   269
   270 00,06EF 18		 clc
   271 00,06F0 AD 72 05		 lda adrmus
   272 00,06F3 69 94		 adc #$94
   273 00,06F5 85 FE		 sta word
   274 00,06F7 AD 73 05		 lda adrmus+1
   275 00,06FA 69 00		 adc #0
   276 00,06FC 85 FF		 sta word+1
   277 00,06FE AD 70 05		 lda b3
   278 00,0701 0A		 asl @
   279 00,0702 6D 70 05		 adc b3
   280 00,0705 0A		 asl @
   281 00,0706 A8		 tay
   282 00,0707 B1 FE		 lda (word),y
   283 00,0709 9D 4F 05		 sta dana0,x
   284 00,070C C8		 iny
   285 00,070D B1 FE		 lda (word),y
   286 00,070F 9D 52 05		 sta dana1,x
   287 00,0712 29 07		 and #7
   288 00,0714 8D 6E 05		 sta b1
   289 00,0717 C8		 iny
   290 00,0718 B1 FE		 lda (word),y
   291 00,071A 9D 55 05		 sta dana2,x
   292 00,071D C8		 iny
   293 00,071E B1 FE		 lda (word),y
   294 00,0720 9D 58 05		 sta dana3,x
   295 00,0723 C8		 iny
   296 00,0724 B1 FE		 lda (word),y
   297 00,0726 9D 5B 05		 sta dana4,x
   298 00,0729 C8		 iny
   299 00,072A B1 FE		 lda (word),y
   300 00,072C 9D 5E 05		 sta dana5,x
   301
   302 00,072F A0 00		 ldy #0
   303 00,0731 AD 6E 05		 lda b1
   304 00,0734 C9 03		 cmp #3
   305 00,0736 D0 02		 bne l14
   306 00,0738 A0 02		 ldy #2
   307 00,073A C9 07		l14 cmp #7
   308 00,073C D0 02		 bne l15
   309 00,073E A0 04		 ldy #4
   310 00,0740 B9 AD 0B		l15 lda tab3,y
   311 00,0743 85 FE		 sta word
   312 00,0745 B9 AE 0B		 lda tab3+1,y
   313 00,0748 85 FF		 sta word+1
   314 00,074A BD 55 05		 lda dana2,x
   315 00,074D 4A		 lsr @
   316 00,074E 4A		 lsr @
   317 00,074F 4A		 lsr @
   318 00,0750 4A		 lsr @
   319 00,0751 18		 clc
   320 00,0752 6D 6F 05		 adc b2
   321 00,0755 8D 6F 05		 sta b2
   322 00,0758 8D C2 07		 sta zm2+1
   323 00,075B A8		 tay
   324 00,075C AD 6E 05		 lda b1
   325 00,075F C9 07		 cmp #7
   326 00,0761 D0 0F		 bne l16
   327 00,0763 98		 tya
   328 00,0764 0A		 asl @
   329 00,0765 A8		 tay
   330 00,0766 B1 FE		 lda (word),y
   331 00,0768 9D 2D 05		 sta czest1,x
   332 00,076B C8		 iny
   333 00,076C 8C 6F 05		 sty b2
   334 00,076F 4C 83 07		 jmp l17
   335 00,0772 B1 FE		l16 lda (word),y
   336 00,0774 9D 2D 05		 sta czest1,x
   337 00,0777 BD 55 05		 lda dana2,x
   338 00,077A 29 0F		 and #$f
   339 00,077C 18		 clc
   340 00,077D 6D 6F 05		 adc b2
   341 00,0780 8D 6F 05		 sta b2
   342 00,0783 AC 6F 05		l17 ldy b2
   343 00,0786 AD 6E 05		 lda b1
   344 00,0789 C9 05		 cmp #5
   345 00,078B 08		 php
   346 00,078C B1 FE		 lda (word),y
   347 00,078E 28		 plp
   348 00,078F F0 08		 beq l18
   349 00,0791 DD 2D 05		 cmp czest1,x
   350 00,0794 D0 03		 bne l18
   351 00,0796 38		 sec
   352 00,0797 E9 01		 sbc #1
   353 00,0799 9D 30 05		l18 sta czest2,x
   354 00,079C BD 4F 05		 lda dana0,x
   355 00,079F 48		 pha
   356 00,07A0 29 03		 and #3
   357 00,07A2 A8		 tay
   358 00,07A3 B9 B3 0B		 lda tab4,y
   359 00,07A6 9D 36 05		 sta zniek,x
   360 00,07A9 68		 pla
   361 00,07AA 4A		 lsr @
   362 00,07AB 4A		 lsr @
   363 00,07AC 4A		 lsr @
   364 00,07AD 4A		 lsr @
   365 00,07AE A0 3E		 ldy #$3e
   366 00,07B0 C9 0F		 cmp #$f
   367 00,07B2 F0 10		 beq l19
   368 00,07B4 A0 37		 ldy #$37
   369 00,07B6 C9 0E		 cmp #$e
   370 00,07B8 F0 0A		 beq l19
   371 00,07BA A0 30		 ldy #$30
   372 00,07BC C9 0D		 cmp #$d
   373 00,07BE F0 04		 beq l19
   374 00,07C0 18		 clc
   375 00,07C1 69 00		zm2 adc #0
   376 00,07C3 A8		 tay
   377 00,07C4 B9 B7 0B		l19 lda tab5,y
   378 00,07C7 9D 33 05		 sta czest3,x
   379 00,07CA 60		 rts
   380
   381 				*--- play
   382
   383 00,07CB D8		play cld
   384 00,07CC A5 FC		 lda addr
   385 00,07CE 48		 pha
   386 00,07CF A5 FD		 lda addr+1
   387 00,07D1 48		 pha
   388 00,07D2 A5 FE		 lda word
   389 00,07D4 48		 pha
   390 00,07D5 A5 FF		 lda word+1
   391 00,07D7 48		 pha
   392 00,07D8 AD 71 05		 lda czygr
   393 00,07DB D0 03		 bne g1
   394 00,07DD 4C 00 0B		 jmp end
   395 00,07E0 AD 4E 05		g1 lda czygrc
   396 00,07E3 F0 03		 beq g2
   397 00,07E5 4C 69 09		 jmp dal3
   398 00,07E8 AD 6C 05		g2 lda tmpo
   399 00,07EB CD 6D 05		 cmp ltemp
   400 00,07EE F0 03		 beq g3
   401 00,07F0 4C 56 09		 jmp dal2
   402 00,07F3 AD 67 05		g3 lda posptr
   403 00,07F6 F0 03		 beq g4
   404 00,07F8 4C DC 08		 jmp dal1
   405 00,07FB A2 02		g4 ldx #2
   406 00,07FD BC 4B 05		g5 ldy czygrx,x
   407 00,0800 30 03		 bmi g6
   408 00,0802 9D 4B 05		 sta czygrx,x
   409 00,0805 9D 45 05		g6 sta poswpt,x
   410 00,0808 CA		 dex
   411 00,0809 10 F2		 bpl g5
   412
   413 00,080B AD 76 05		 lda adrsng
   414 00,080E 85 FC		 sta addr
   415 00,0810 AD 77 05		 lda adrsng+1
   416 00,0813 85 FD		 sta addr+1
   417 00,0815 AC 68 05		 ldy possng
   418 00,0818 84 FE		 sty word
   419 00,081A CC 6A 05		g7 cpy konrep
   420 00,081D D0 19		 bne g8
   421 00,081F AD 6B 05		 lda ilrep
   422 00,0822 F0 14		 beq g8
   423 00,0824 AD 68 05		 lda possng
   424 00,0827 AC 69 05		 ldy pocrep
   425 00,082A 8C 68 05		 sty possng
   426 00,082D CE 6B 05		 dec ilrep
   427 00,0830 D0 E8		 bne g7
   428 00,0832 8D 68 05		 sta possng
   429 00,0835 A8		 tay
   430 00,0836 10 E2		 bpl g7
   431 00,0838 A2 00		g8 ldx #0
   432 00,083A B1 FC		g9 lda (addr),y
   433 00,083C C9 FE		 cmp #$fe
   434 00,083E D0 0E		 bne g10
   435 00,0840 AC 68 05		 ldy possng
   436 00,0843 C8		 iny
   437 00,0844 C4 FE		 cpy word
   438 00,0846 F0 43		 beq g11
   439 00,0848 8C 68 05		 sty possng
   440 00,084B 4C 1A 08		 jmp g7
   441 00,084E 9D 42 05		g10 sta numptr,x
   442 00,0851 18		 clc
   443 00,0852 98		 tya
   444 00,0853 69 55		 adc #$55
   445 00,0855 A8		 tay
   446 00,0856 E8		 inx
   447 00,0857 E0 03		 cpx #3
   448 00,0859 90 DF		 bcc g9
   449 00,085B AC 68 05		 ldy possng
   450 00,085E B1 FC		 lda (addr),y
   451 00,0860 10 7A		 bpl dal1
   452 00,0862 C9 FF		 cmp #$ff
   453 00,0864 F0 76		 beq dal1
   454 00,0866 4A		 lsr @
   455 00,0867 4A		 lsr @
   456 00,0868 4A		 lsr @
   457 00,0869 29 0E		 and #$e
   458 00,086B AA		 tax
   459 00,086C BD 9F 0B		 lda tab2,x
   460 00,086F 8D 7E 08		 sta zm3+1
   461 00,0872 BD A0 0B		 lda tab2+1,x
   462 00,0875 8D 7F 08		 sta zm3+2
   463 00,0878 AD 43 05		 lda numptr+1
   464 00,087B 85 FF		 sta word+1
   465 00,087D 20 93 08		zm3 jsr stop
   466 00,0880 8C 68 05		 sty possng
   467 00,0883 C0 55		 cpy #$55
   468 00,0885 B0 04		 bcs g11
   469 00,0887 C4 FE		 cpy word
   470 00,0889 D0 8F		 bne g7
   471 00,088B A4 FE		g11 ldy word
   472 00,088D 8C 68 05		 sty possng
   473 00,0890 4C 00 0B		 jmp end
   474
   475 00,0893 20 94 06		stop jsr przer
   476 00,0896 A0 FF		g12 ldy #$ff
   477 00,0898 60		 rts
   478 00,0899 30 FB		jump bmi g12
   479 00,089B A8		 tay
   480 00,089C 60		 rts
   481 00,089D 30 F7		up bmi g12
   482 00,089F 38		 sec
   483 00,08A0 98		 tya
   484 00,08A1 E5 FF		 sbc word+1
   485 00,08A3 A8		 tay
   486 00,08A4 60		 rts
   487 00,08A5 30 EF		down bmi g12
   488 00,08A7 18		 clc
   489 00,08A8 98		 tya
   490 00,08A9 65 FF		 adc word+1
   491 00,08AB A8		 tay
   492 00,08AC 60		 rts
   493 00,08AD 30 E7		temp bmi g12
   494 00,08AF 8D 6C 05		 sta tmpo
   495 00,08B2 8D 6D 05		 sta ltemp
   496 00,08B5 C8		 iny
   497 00,08B6 60		 rts
   498 00,08B7 30 DD		rep bmi g12
   499 00,08B9 AD 44 05		 lda numptr+2
   500 00,08BC 30 D8		 bmi g12
   501 00,08BE 8D 6B 05		 sta ilrep
   502 00,08C1 C8		 iny
   503 00,08C2 8C 69 05		 sty pocrep
   504 00,08C5 18		 clc
   505 00,08C6 98		 tya
   506 00,08C7 65 FF		 adc word+1
   507 00,08C9 8D 6A 05		 sta konrep
   508 00,08CC 60		 rts
   509 00,08CD 88		break dey
   510 00,08CE 30 0A		 bmi g13
   511 00,08D0 B1 FC		 lda (addr),y
   512 00,08D2 C9 8F		 cmp #$8f
   513 00,08D4 F0 04		 beq g13
   514 00,08D6 C9 EF		 cmp #$ef
   515 00,08D8 D0 F3		 bne break
   516 00,08DA C8		g13 iny
   517 00,08DB 60		 rts
   518
   519 00,08DC A2 02		dal1 ldx #2
   520 00,08DE BD 48 05		v1 lda ilewol,x
   521 00,08E1 F0 05		 beq v2
   522 00,08E3 DE 48 05		 dec ilewol,x
   523 00,08E6 10 61		 bpl v7
   524 00,08E8 BD 4B 05		v2 lda czygrx,x
   525 00,08EB D0 5C		 bne v7
   526 00,08ED BC 42 05		 ldy numptr,x
   527 00,08F0 C0 40		 cpy #$40
   528 00,08F2 B0 55		 bcs v7
   529 00,08F4 AD 74 05		 lda adradr
   530 00,08F7 85 FC		 sta addr
   531 00,08F9 AD 75 05		 lda adradr+1
   532 00,08FC 85 FD		 sta addr+1
   533 00,08FE B1 FC		 lda (addr),y
   534 00,0900 85 FE		 sta word
   535 00,0902 18		 clc
   536 00,0903 98		 tya
   537 00,0904 69 40		 adc #$40
   538 00,0906 A8		 tay
   539 00,0907 B1 FC		 lda (addr),y
   540 00,0909 85 FF		 sta word+1
   541 00,090B C9 FF		 cmp #$ff
   542 00,090D F0 3A		 beq v7
   543 00,090F BC 45 05		v3 ldy poswpt,x
   544 00,0912 B1 FE		 lda (word),y
   545 00,0914 29 C0		 and #$c0
   546 00,0916 D0 0C		 bne v4
   547 00,0918 B1 FE		 lda (word),y
   548 00,091A 29 3F		 and #$3f
   549 00,091C 9D 0F 05		 sta numins,x
   550 00,091F FE 45 05		 inc poswpt,x
   551 00,0922 10 EB		 bpl v3
   552 00,0924 C9 40		v4 cmp #$40
   553 00,0926 D0 13		 bne v5
   554 00,0928 B1 FE		 lda (word),y
   555 00,092A 29 3F		 and #$3f
   556 00,092C 8D 6F 05		 sta b2
   557 00,092F BD 0F 05		 lda numins,x
   558 00,0932 8D 70 05		 sta b3
   559 00,0935 20 BC 06		 jsr inst
   560 00,0938 4C 46 09		 jmp v6
   561 00,093B C9 80		v5 cmp #$80
   562 00,093D D0 0A		 bne v7
   563 00,093F B1 FE		 lda (word),y
   564 00,0941 29 3F		 and #$3f
   565 00,0943 9D 48 05		 sta ilewol,x
   566 00,0946 FE 45 05		v6 inc poswpt,x
   567 00,0949 CA		v7 dex
   568 00,094A 10 92		 bpl v1
   569
   570 00,094C AE 67 05		 ldx posptr
   571 00,094F E8		 inx
   572 00,0950 8A		 txa
   573 00,0951 29 3F		 and #$3f
   574 00,0953 8D 67 05		 sta posptr
   575
   576 00,0956 CE 6D 05		dal2 dec ltemp
   577 00,0959 D0 0E		 bne dal3
   578 00,095B AD 6C 05		 lda tmpo
   579 00,095E 8D 6D 05		 sta ltemp
   580 00,0961 AD 67 05		 lda posptr
   581 00,0964 D0 03		 bne dal3
   582 00,0966 EE 68 05		 inc possng
   583
   584 00,0969 AC 30 05		dal3 ldy czest2
   585 00,096C AD 52 05		 lda dana1
   586 00,096F 29 07		 and #7
   587 00,0971 C9 05		 cmp #5
   588 00,0973 F0 04		 beq a1
   589 00,0975 C9 06		 cmp #6
   590 00,0977 D0 01		 bne a2
   591 00,0979 88		a1 dey
   592 00,097A 8C 27 05		a2 sty frq+3
   593 00,097D A0 00		 ldy #0
   594 00,097F C9 05		 cmp #5
   595 00,0981 F0 04		 beq a3
   596 00,0983 C9 06		 cmp #6
   597 00,0985 D0 02		 bne a4
   598 00,0987 A0 02		a3 ldy #2
   599 00,0989 C9 07		a4 cmp #7
   600 00,098B D0 02		 bne a5
   601 00,098D A0 28		 ldy #$28
   602 00,098F 8C 2C 05		a5 sty audc
   603
   604 00,0992 A2 02		 ldx #2
   605 00,0994 BD 52 05		loop lda dana1,x
   606 00,0997 29 E0		 and #$e0
   607 00,0999 9D 28 05		 sta znieks,x
   608 00,099C BD 61 05		 lda ladr,x
   609 00,099F 85 FC		 sta addr
   610 00,09A1 BD 64 05		 lda hadr,x
   611 00,09A4 85 FD		 sta addr+1
   612 00,09A6 BD 39 05		 lda count1,x
   613 00,09A9 C9 FF		 cmp #$ff
   614 00,09AB F0 36		 beq y4
   615 00,09AD C9 0F		 cmp #$f
   616 00,09AF D0 20		 bne y2
   617 00,09B1 BD 3F 05		 lda lopad,x
   618 00,09B4 F0 2D		 beq y4
   619 00,09B6 DE 3F 05		 dec lopad,x
   620 00,09B9 BD 3F 05		 lda lopad,x
   621 00,09BC D0 25		 bne y4
   622 00,09BE BC 09 05		 ldy volume,x
   623 00,09C1 F0 01		 beq y1
   624 00,09C3 88		 dey
   625 00,09C4 98		y1 tya
   626 00,09C5 9D 09 05		 sta volume,x
   627 00,09C8 BD 58 05		 lda dana3,x
   628 00,09CB 9D 3F 05		 sta lopad,x
   629 00,09CE 4C E3 09		 jmp y4
   630 00,09D1 BD 39 05		y2 lda count1,x
   631 00,09D4 4A		 lsr @
   632 00,09D5 A8		 tay
   633 00,09D6 B1 FC		 lda (addr),y
   634 00,09D8 90 04		 bcc y3
   635 00,09DA 4A		 lsr @
   636 00,09DB 4A		 lsr @
   637 00,09DC 4A		 lsr @
   638 00,09DD 4A		 lsr @
   639 00,09DE 29 0F		y3 and #$f
   640 00,09E0 9D 09 05		 sta volume,x
   641 00,09E3 BC 2D 05		y4 ldy czest1,x
   642 00,09E6 BD 52 05		 lda dana1,x
   643 00,09E9 29 07		 and #7
   644 00,09EB C9 01		 cmp #1
   645 00,09ED D0 1F		 bne y6
   646 00,09EF 88		 dey
   647 00,09F0 98		 tya
   648 00,09F1 C8		 iny
   649 00,09F2 DD 30 05		 cmp czest2,x
   650 00,09F5 08		 php
   651 00,09F6 A9 01		 lda #1
   652 00,09F8 28		 plp
   653 00,09F9 D0 02		 bne y5
   654 00,09FB 0A		 asl @
   655 00,09FC 0A		 asl @
   656 00,09FD 3D 3C 05		y5 and count2,x
   657 00,0A00 F0 0C		 beq y6
   658 00,0A02 BC 30 05		 ldy czest2,x
   659 00,0A05 C0 FF		 cpy #$ff
   660 00,0A07 D0 05		 bne y6
   661 00,0A09 A9 00		 lda #0
   662 00,0A0B 9D 09 05		 sta volume,x
   663 00,0A0E 98		y6 tya
   664 00,0A0F 9D 24 05		 sta frq,x
   665 00,0A12 A9 01		 lda #1
   666 00,0A14 8D 6E 05		 sta b1
   667 00,0A17 BD 39 05		 lda count1,x
   668 00,0A1A C9 0F		 cmp #$f
   669 00,0A1C F0 38		 beq y9
   670 00,0A1E 29 07		 and #7
   671 00,0A20 A8		 tay
   672 00,0A21 B9 CB 0C		 lda tab9,y
   673 00,0A24 85 FE		 sta word
   674 00,0A26 BD 39 05		 lda count1,x
   675 00,0A29 29 08		 and #8
   676 00,0A2B 08		 php
   677 00,0A2C 8A		 txa
   678 00,0A2D 28		 plp
   679 00,0A2E 18		 clc
   680 00,0A2F F0 02		 beq y7
   681 00,0A31 69 03		 adc #3
   682 00,0A33 A8		y7 tay
   683 00,0A34 B9 5B 05		 lda dana4,y
   684 00,0A37 25 FE		 and word
   685 00,0A39 F0 1B		 beq y9
   686 00,0A3B BD 33 05		 lda czest3,x
   687 00,0A3E 9D 24 05		 sta frq,x
   688 00,0A41 8E 6E 05		 stx b1
   689 00,0A44 CA		 dex
   690 00,0A45 10 08		 bpl y8
   691 00,0A47 8D 27 05		 sta frq+3
   692 00,0A4A A9 00		 lda #0
   693 00,0A4C 8D 2C 05		 sta audc
   694 00,0A4F E8		y8 inx
   695 00,0A50 BD 36 05		 lda zniek,x
   696 00,0A53 9D 28 05		 sta znieks,x
   697 00,0A56 BD 39 05		y9 lda count1,x
   698 00,0A59 29 0F		 and #$f
   699 00,0A5B C9 0F		 cmp #$f
   700 00,0A5D F0 10		 beq y10
   701 00,0A5F FE 39 05		 inc count1,x
   702 00,0A62 BD 39 05		 lda count1,x
   703 00,0A65 C9 0F		 cmp #$f
   704 00,0A67 D0 06		 bne y10
   705 00,0A69 BD 58 05		 lda dana3,x
   706 00,0A6C 9D 3F 05		 sta lopad,x
   707 00,0A6F BD 4B 05		y10 lda czygrx,x
   708 00,0A72 10 0A		 bpl y11
   709 00,0A74 BD 09 05		 lda volume,x
   710 00,0A77 D0 05		 bne y11
   711 00,0A79 A9 40		 lda #$40
   712 00,0A7B 9D 4B 05		 sta czygrx,x
   713 00,0A7E FE 3C 05		y11 inc count2,x
   714 00,0A81 A0 00		 ldy #0
   715 00,0A83 BD 52 05		 lda dana1,x
   716 00,0A86 4A		 lsr @
   717 00,0A87 4A		 lsr @
   718 00,0A88 4A		 lsr @
   719 00,0A89 4A		 lsr @
   720 00,0A8A 90 01		 bcc y12
   721 00,0A8C 88		 dey
   722 00,0A8D 4A		y12 lsr @
   723 00,0A8E 90 01		 bcc y13
   724 00,0A90 C8		 iny
   725 00,0A91 18		y13 clc
   726 00,0A92 98		 tya
   727 00,0A93 7D 2D 05		 adc czest1,x
   728 00,0A96 9D 2D 05		 sta czest1,x
   729 00,0A99 BD 30 05		 lda czest2,x
   730 00,0A9C C9 FF		 cmp #$ff
   731 00,0A9E D0 02		 bne y14
   732 00,0AA0 A0 00		 ldy #0
   733 00,0AA2 18		y14 clc
   734 00,0AA3 98		 tya
   735 00,0AA4 7D 30 05		 adc czest2,x
   736 00,0AA7 9D 30 05		 sta czest2,x
   737 00,0AAA CA		 dex
   738 00,0AAB 30 03		 bmi x1
   739 00,0AAD 4C 94 09		 jmp loop
   740
   741 00,0AB0 AD 28 05		x1 lda znieks
   742 00,0AB3 8D 2B 05		 sta znieks+3
   743 00,0AB6 AD 52 05		 lda dana1
   744 00,0AB9 29 07		 and #7
   745 00,0ABB AA		 tax
   746 00,0ABC A0 03		 ldy #3
   747 00,0ABE AD 6E 05		 lda b1
   748 00,0AC1 F0 03		 beq x2
   749 00,0AC3 BC D3 0C		 ldy tab10,x
   750 00,0AC6 98		x2 tya
   751 00,0AC7 48		 pha
   752 00,0AC8 B9 B7 0C		 lda tab8,y
   753 00,0ACB 08		 php
   754 00,0ACC 29 7F		 and #$7f
   755 00,0ACE AA		 tax
   756 00,0ACF 98		 tya
   757 00,0AD0 29 03		 and #3
   758 00,0AD2 0A		 asl @
   759 00,0AD3 A8		 tay
   760 00,0AD4 BD 24 05		 lda frq,x
   761 00,0AD7 99 00 D2		d0 sta $d200,y
   762 00,0ADA C8		 iny
   763 00,0ADB BD 09 05		 lda volume,x
   764 00,0ADE E0 03		 cpx #3
   765 00,0AE0 D0 03		 bne x3
   766 00,0AE2 AD 09 05		 lda volume
   767 00,0AE5 1D 28 05		x3 ora znieks,x
   768 00,0AE8 28		 plp
   769 00,0AE9 10 02		 bpl d1
   770 00,0AEB A9 00		 lda #0
   771 00,0AED 99 00 D2		d1 sta $d200,y
   772 00,0AF0 68		 pla
   773 00,0AF1 A8		 tay
   774 00,0AF2 88		 dey
   775 00,0AF3 29 03		 and #3
   776 00,0AF5 D0 CF		 bne x2
   777 00,0AF7 A0 08		 ldy #8
   778 00,0AF9 AD 2C 05		 lda audc
   779 00,0AFC 99 00 D2		d2 sta $d200,y
   780
   781 00,0AFF 18		 clc
   782 00,0B00 68		end pla
   783 00,0B01 85 FF		 sta word+1
   784 00,0B03 68		 pla
   785 00,0B04 85 FE		 sta word
   786 00,0B06 68		 pla
   787 00,0B07 85 FD		 sta addr+1
   788 00,0B09 68		 pla
   789 00,0B0A 85 FC		 sta addr
   790 00,0B0C 60		 rts
   791
   792 				*--- basic
   793
   794 00,0B0D 68		basic pla
   795 00,0B0E AA		 tax
   796 00,0B0F F0 4E		 beq p6
   797 00,0B11 C9 02		 cmp #2
   798 00,0B13 F0 06		 beq p2
   799 00,0B15 68		p1 pla
   800 00,0B16 68		 pla
   801 00,0B17 CA		 dex
   802 00,0B18 D0 FB		 bne p1
   803 00,0B1A 60		 rts
   804
   805 00,0B1B A5 14		p2 lda $14
   806 00,0B1D C5 14		 cmp $14
   807 00,0B1F F0 FC		 beq *-2
   808
   809 00,0B21 AD 24 02		 lda $224
   810 00,0B24 C9 84		 cmp <p8
   811 00,0B26 D0 07		 bne p3
   812 00,0B28 AD 25 02		 lda $225
   813 00,0B2B C9 0B		 cmp >p8
   814 00,0B2D F0 E6		 beq p1
   815 00,0B2F AD 24 02		p3 lda $224
   816 00,0B32 8D 8D 0B		 sta p9+1
   817 00,0B35 AD 25 02		 lda $225
   818 00,0B38 8D 8E 0B		 sta p9+2
   819 00,0B3B A9 84		 lda <p8
   820 00,0B3D 8D 24 02		 sta $224
   821 00,0B40 A9 0B		 lda >p8
   822 00,0B42 8D 25 02		 sta $225
   823 00,0B45 68		 pla
   824 00,0B46 68		 pla
   825 00,0B47 F0 03		 beq p4
   826 00,0B49 38		 sec
   827 00,0B4A E9 01		 sbc #1
   828 00,0B4C 8D 5B 0B		p4 sta p5+1
   829 00,0B4F 68		 pla
   830 00,0B50 A8		 tay
   831 00,0B51 68		 pla
   832 00,0B52 AA		 tax
   833 00,0B53 A9 70		 lda #$70
   834 00,0B55 20 78 05		 jsr init
   835 00,0B58 A9 00		 lda #0
   836 00,0B5A A2 00		p5 ldx #0
   837 00,0B5C 4C 78 05		 jmp init
   838 00,0B5F A5 14		p6 lda $14
   839 00,0B61 C5 14		 cmp $14
   840 00,0B63 F0 FC		 beq *-2
   841 00,0B65 AD 24 02		 lda $224
   842 00,0B68 C9 84		 cmp <p8
   843 00,0B6A D0 AE		 bne p2-1
   844 00,0B6C AD 25 02		 lda $225
   845 00,0B6F C9 0B		 cmp >p8
   846 00,0B71 D0 A7		 bne p2-1
   847 00,0B73 AD 8D 0B		p7 lda p9+1
   848 00,0B76 8D 24 02		 sta $224
   849 00,0B79 AD 8E 0B		 lda p9+2
   850 00,0B7C 8D 25 02		 sta $225
   851 00,0B7F A9 40		 lda #$40
   852 00,0B81 4C 78 05		 jmp init
   853 00,0B84 20 CB 07		p8 jsr play
   854 00,0B87 90 03		 bcc p9
   855 00,0B89 20 73 0B		 jsr p7
   856 00,0B8C 4C FF FF		p9 jmp $ffff
   857
   858
   859 				*--- tablice
   860
   861 00,0B8F B2 05		tab1 dta a(graj)
   862 00,0B91 DD 05		 dta a(grajx)
   863 00,0B93 A8 06		 dta a(instr)
   864 00,0B95 3B 06		 dta a(tempo)
   865 00,0B97 7B 06		 dta a(skoncz)
   866 00,0B99 94 06		 dta a(przer)
   867 00,0B9B 9F 06		 dta a(kont)
   868 00,0B9D 52 06		 dta a(inic)
   869
   870 00,0B9F 93 08		tab2 dta a(stop)
   871 00,0BA1 99 08		 dta a(jump)
   872 00,0BA3 9D 08		 dta a(up)
   873 00,0BA5 A5 08		 dta a(down)
   874 00,0BA7 AD 08		 dta a(temp)
   875 00,0BA9 B7 08		 dta a(rep)
   876 00,0BAB CD 08		 dta a(break)
   877
   878 00,0BAD B7 0B		tab3 dta a(tab5)
   879 00,0BAF F8 0B		 dta a(tab6)
   880 00,0BB1 39 0C		 dta a(tab7)
   881
   882 00,0BB3 80 A0		tab4 dta b($80),b($a0)
   883 00,0BB5 20 40		 dta b($20),b($40)
   884
   885 00,0BB7 FF F1 E4 D7	tab5 dta b($ff),b($f1),b($e4),b($d7)
   886 00,0BBB CB C0 B5 AA	 dta b($cb),b($c0),b($b5),b($aa)
   887 00,0BBF A1 98 8F 87	 dta b($a1),b($98),b($8f),b($87)
   888 00,0BC3 7F 78 72 6B	 dta b($7f),b($78),b($72),b($6b)
   889 00,0BC7 65 5F 5A 55	 dta b($65),b($5f),b($5a),b($55)
   890 00,0BCB 50 4B 47 43	 dta b($50),b($4b),b($47),b($43)
   891 00,0BCF 3F 3C 38 35	 dta b($3f),b($3c),b($38),b($35)
   892 00,0BD3 32 2F 2C 2A	 dta b($32),b($2f),b($2c),b($2a)
   893 00,0BD7 27 25 23 21	 dta b($27),b($25),b($23),b($21)
   894 00,0BDB 1F 1D 1C 1A	 dta b($1f),b($1d),b($1c),b($1a)
   895 00,0BDF 18 17 16 14	 dta b($18),b($17),b($16),b($14)
   896 00,0BE3 13 12 11 10	 dta b($13),b($12),b($11),b($10)
   897 00,0BE7 0F 0E 0D 0C	 dta b($0f),b($0e),b($0d),b($0c)
   898 00,0BEB 0B 0A 09 08	 dta b($0b),b($0a),b($09),b($08)
   899 00,0BEF 07 06 05 04	 dta b($07),b($06),b($05),b($04)
   900 00,0BF3 03 02 01 00	 dta b($03),b($02),b($01),b($00)
   901 00,0BF7 00		 dta b($00)
   902
   903 00,0BF8			tab6
   904
   905 				 ift bass=0
   906
   907 				 dta b($00),b($00),b($00),b($00)
   908 				 dta b($f2),b($e9),b($da),b($ce)
   909 				 dta b($bf),b($b6),b($aa),b($a1)
   910 				 dta b($98),b($8f),b($89),b($80)
   911 				 dta b($7a),b($71),b($6b),b($65)
   912 				 dta b($5f),b($00),b($56),b($50)
   913 				 dta b($67),b($60),b($5a),b($55)
   914 				 dta b($51),b($4c),b($48),b($43)
   915 				 dta b($3f),b($3d),b($39),b($34)
   916 				 dta b($33),b($39),b($2d),b($2a)
   917 				 dta b($28),b($25),b($24),b($21)
   918 				 dta b($1f),b($1e),b($00),b($00)
   919 				 dta b($0f),b($0e),b($0d),b($0c)
   920 				 dta b($0b),b($0a),b($09),b($08)
   921 				 dta b($07),b($06),b($05),b($04)
   922 				 dta b($03),b($02),b($01),b($00)
   923 				 dta b($00)
   924
   925 				 els
   926
   927 00,0BF8 00 00 00 00 F2 +	 dta 0,0,0,0,242,233,218,206,191,182,170,161
   928 00,0C04 98 8F 89 80 7A +	 dta 152,143,137,128,122,113,107,101,95,92,86
   929 00,0C0F 50 4D 47 44 41 +	 dta 80,77,71,68,65,62,56,53,136,127,121,115,108
   930 00,0C1C 67 60 5A 55 51 +	 dta 103,96,90,85,81,76,72,67,63,61,57,52,51,48
   931 00,0C2A 2D 2A 28 25 24 +	 dta 45,42,40,37,36,33,31,30,5,4,3,2,1,0,0
   932
   933 				 eif
   934
   935 00,0C39 38 0B 8C 0A 00 +	tab7 dta a($b38),a($a8c),a($a00),a($96a)
   936 00,0C41 E8 08 6A 08 EF +	 dta a($8e8),a($86a),a($7ef),a($780)
   937 00,0C49 08 07 AE 06 46 +	 dta a($708),a($6ae),a($646),a($5e6)
   938 00,0C51 95 05 41 05 F6 +	 dta a($595),a($541),a($4f6),a($4b0)
   939 00,0C59 6E 04 30 04 F6 +	 dta a($46e),a($430),a($3f6),a($3bb)
   940 00,0C61 84 03 52 03 22 +	 dta a($384),a($352),a($322),a($2f4)
   941 00,0C69 C8 02 A0 02 7A +	 dta a($2c8),a($2a0),a($27a),a($255)
   942 00,0C71 34 02 14 02 F5 +	 dta a($234),a($214),a($1f5),a($1d8)
   943 00,0C79 BD 01 A4 01 8D +	 dta a($1bd),a($1a4),a($18d),a($177)
   944 00,0C81 60 01 4E 01 38 +	 dta a($160),a($14e),a($138),a($127)
   945 00,0C89 15 01 06 01 F7 +	 dta a($115),a($106),a($0f7),a($0e8)
   946 00,0C91 DB 00 CF 00 C3 +	 dta a($0db),a($0cf),a($0c3),a($0b8)
   947 00,0C99 AC 00 A2 00 9A +	 dta a($0ac),a($0a2),a($09a),a($090)
   948 00,0CA1 88 00 7F 00 78 +	 dta a($088),a($07f),a($078),a($070)
   949 00,0CA9 6A 00 64 00 5E +	 dta a($06a),a($064),a($05e),a($057)
   950 00,0CB1 52 00 32 00 0A +	 dta a($052),a($032),a($00a)
   951
   952 00,0CB7 00 01 02 83	tab8 dta b($00),b($01),b($02),b($83)
   953 00,0CBB 00 01 02 03	 dta b($00),b($01),b($02),b($03)
   954 00,0CBF 01 00 02 83	 dta b($01),b($00),b($02),b($83)
   955 00,0CC3 01 00 02 03	 dta b($01),b($00),b($02),b($03)
   956 00,0CC7 01 02 80 03	 dta b($01),b($02),b($80),b($03)
   957
   958 00,0CCB 80 40 20 10	tab9 dta b($80),b($40),b($20),b($10)
   959 00,0CCF 08 04 02 01	 dta b($08),b($04),b($02),b($01)
   960
   961 00,0CD3 03 03 03 03	tab10 dta b(3),b(3),b(3),b(3)
   962 00,0CD7 07 0B 0F 13	 dta b(7),b($b),b($f),b($13)
   963
   964 				*--- koniec
   965
   966 				.endp
