Mad-Assembler v1.6.?beta by TeBe/Madteam
Source: D:\!Atari\getris2\game_over\pm_over.asm
     1 				 opt h-
     2
     3  00 00 00 00 00 00 00 +		 dta $00,$00,$00,$00,$00,$00,$00,$00,$00,$00,$00,$00,$20,$00,$00,$00
     4  00 00 00 00 00 00 00 +		 dta $00,$00,$00,$00,$00,$00,$00,$00,$20,$00,$00,$00,$10,$00,$00,$00
     5  00 00 00 00 00 00 00 +		 dta $00,$00,$00,$00,$00,$00,$00,$00,$20,$00,$20,$00,$00,$00,$00,$00
     6  00 00 00 00 00 00 00 +		 dta $00,$00,$00,$00,$00,$00,$00,$00,$00,$00,$00,$00,$10,$00,$00,$00
     7  00 20 10 00 00 00 00 +		 dta $00,$20,$10,$00,$00,$00,$00,$00,$00,$00,$00,$00,$00,$00,$00,$40
     8  00 00 00 00 00 00 00 +		 dta $00,$00,$00,$00,$00,$00,$00,$00,$00,$00,$00,$00,$00,$00,$00,$00
     9  00 00 00 00 00 00 00 +		 dta $00,$00,$00,$00,$00,$00,$00,$00,$81,$00,$00,$00,$00,$00,$00,$00
    10  00 00 00 00 00 01 01 +		 dta $00,$00,$00,$00,$00,$01,$01,$62,$20,$80,$00,$10,$00,$20,$00,$00
    11  02 10 10 00 00 00 00 +		 dta $02,$10,$10,$00,$00,$00,$00,$00,$00,$00,$00,$00,$00,$00,$00,$00
    12  00 00 00 00 00 00 00 +		 dta $00,$00,$00,$00,$00,$00,$00,$00,$00,$00,$00,$00,$00,$00,$00,$00
    13  00 00 00 00 00 00 00 +		 dta $00,$00,$00,$00,$00,$00,$00,$00,$00,$00,$00,$00,$00,$00,$00,$00
    14  00 00 00 00 00 00 00 +		 dta $00,$00,$00,$00,$00,$00,$00,$00,$00,$00,$00,$00,$00,$00,$00,$00
    15  00 00 00 00 00 00 00 +		 dta $00,$00,$00,$00,$00,$00,$00,$00,$00,$00,$00,$00,$00,$00,$00,$00
    16  00 00 00 00 00 00 00 +		 dta $00,$00,$00,$00,$00,$00,$00,$00,$00,$00,$00,$00,$00,$00,$00,$00
    17  00 00 00 00 00 00 00 +		 dta $00,$00,$00,$00,$00,$00,$00,$00,$00,$00,$00,$00,$00,$00,$00,$00
    18  00 00 00 00 00 00 00 +		 dta $00,$00,$00,$00,$00,$00,$00,$00,$00,$00,$00,$00,$00,$00,$00,$00
    19
    20  00 00 00 00 00 00 00 +		 dta $00,$00,$00,$00,$00,$00,$00,$00,$00,$00,$00,$00,$00,$00,$00,$00
    21  00 00 00 00 00 00 00 +		 dta $00,$00,$00,$00,$00,$00,$00,$00,$00,$00,$00,$00,$00,$00,$00,$00
    22  00 00 00 00 00 00 00 +		 dta $00,$00,$00,$00,$00,$00,$00,$00,$00,$00,$00,$00,$00,$00,$00,$00
    23  00 00 00 00 00 00 00 +		 dta $00,$00,$00,$00,$00,$00,$00,$00,$00,$00,$00,$00,$00,$00,$00,$00
    24  00 00 00 00 00 00 00 +		 dta $00,$00,$00,$00,$00,$00,$00,$00,$00,$00,$00,$00,$00,$00,$00,$00
    25  00 00 00 00 00 00 00 +		 dta $00,$00,$00,$00,$00,$00,$00,$00,$00,$00,$00,$00,$00,$00,$00,$00
    26  00 00 00 00 00 00 00 +		 dta $00,$00,$00,$00,$00,$00,$00,$00,$04,$88,$CC,$88,$44,$00,$00,$00
    27  00 00 88 00 00 00 00 +		 dta $00,$00,$88,$00,$00,$00,$00,$02,$00,$00,$00,$00,$00,$00,$00,$00
    28  00 00 00 00 00 00 00 +		 dta $00,$00,$00,$00,$00,$00,$00,$00,$00,$00,$00,$00,$00,$00,$00,$00
    29  00 00 00 00 00 00 00 +		 dta $00,$00,$00,$00,$00,$00,$00,$00,$00,$00,$00,$00,$00,$00,$00,$00
    30  00 00 00 00 00 00 00 +		 dta $00,$00,$00,$00,$00,$00,$00,$00,$00,$00,$00,$00,$00,$00,$00,$00
    31  00 00 00 00 00 00 00 +		 dta $00,$00,$00,$00,$00,$00,$00,$00,$00,$00,$00,$00,$00,$00,$00,$00
    32  00 00 00 00 00 00 00 +		 dta $00,$00,$00,$00,$00,$00,$00,$00,$00,$00,$00,$00,$00,$00,$00,$00
    33  00 00 00 00 00 00 00 +		 dta $00,$00,$00,$00,$00,$00,$00,$00,$00,$00,$00,$00,$00,$00,$00,$00
    34  00 00 00 00 00 00 00 +		 dta $00,$00,$00,$00,$00,$00,$00,$00,$00,$00,$00,$00,$00,$00,$00,$00
    35  00 00 00 00 00 00 00 +		 dta $00,$00,$00,$00,$00,$00,$00,$00,$00,$00,$00,$00,$00,$00,$00,$00
    36
    37  00 00 00 00 00 00 00 +		 dta $00,$00,$00,$00,$00,$00,$00,$00,$00,$00,$00,$00,$00,$00,$00,$00
    38  00 00 00 00 00 00 00 +		 dta $00,$00,$00,$00,$00,$00,$00,$00,$00,$00,$00,$00,$00,$00,$00,$00
    39  00 10 08 04 0E 14 08 +		 dta $00,$10,$08,$04,$0E,$14,$08,$10,$00,$00,$40,$00,$00,$02,$02,$03
    40  0B 09 12 08 24 22 42 +		 dta $0B,$09,$12,$08,$24,$22,$42,$01,$13,$33,$62,$22,$00,$00,$00,$00
    41  00 08 08 04 4C 0C 08 +		 dta $00,$08,$08,$04,$4C,$0C,$08,$08,$00,$00,$00,$00,$00,$00,$00,$00
    42  00 00 00 00 00 00 00 +		 dta $00,$00,$00,$00,$00,$00,$00,$00,$00,$00,$00,$00,$00,$00,$00,$00
    43  00 00 00 00 00 00 00 +		 dta $00,$00,$00,$00,$00,$00,$00,$00,$44,$88,$CC,$88,$44,$00,$00,$00
    44  00 00 88 00 00 00 00 +		 dta $00,$00,$88,$00,$00,$00,$00,$20,$02,$00,$00,$00,$00,$00,$00,$00
    45  00 00 00 00 00 00 00 +		 dta $00,$00,$00,$00,$00,$00,$00,$00,$00,$00,$00,$00,$00,$00,$00,$00
    46  00 00 00 00 00 00 00 +		 dta $00,$00,$00,$00,$00,$00,$00,$00,$00,$00,$00,$00,$00,$00,$00,$00
    47  00 00 00 00 00 00 00 +		 dta $00,$00,$00,$00,$00,$00,$00,$00,$00,$00,$00,$00,$00,$00,$00,$00
    48  00 00 00 00 00 00 00 +		 dta $00,$00,$00,$00,$00,$00,$00,$00,$00,$00,$00,$00,$00,$00,$00,$00
    49  00 00 00 00 00 00 00 +		 dta $00,$00,$00,$00,$00,$00,$00,$00,$00,$00,$00,$00,$00,$00,$00,$00
    50  00 00 00 00 00 00 00 +		 dta $00,$00,$00,$00,$00,$00,$00,$00,$00,$00,$00,$00,$00,$00,$00,$00
    51  00 00 00 00 00 00 00 +		 dta $00,$00,$00,$00,$00,$00,$00,$00,$00,$00,$00,$00,$00,$00,$00,$00
    52  00 00 00 00 00 00 00 +		 dta $00,$00,$00,$00,$00,$00,$00,$00,$00,$00,$00,$00,$00,$00,$00,$00
    53
    54  00 00 00 00 00 00 00 +		 dta $00,$00,$00,$00,$00,$00,$00,$00,$00,$04,$04,$04,$04,$04,$04,$04
    55  00 00 00 00 00 08 0A +		 dta $00,$00,$00,$00,$00,$08,$0A,$0A,$0E,$4A,$4A,$4A,$40,$40,$40,$40
    56  00 00 10 10 10 1A 32 +		 dta $00,$00,$10,$10,$10,$1A,$32,$52,$52,$42,$02,$0A,$00,$20,$28,$28
    57  38 2C 28 2D 0A 04 04 +		 dta $38,$2C,$28,$2D,$0A,$04,$04,$01,$01,$01,$14,$36,$16,$36,$04,$08
    58  18 39 2D 29 29 09 01 +		 dta $18,$39,$2D,$29,$29,$09,$01,$01,$00,$00,$00,$00,$00,$00,$00,$00
    59  00 00 00 00 00 00 00 +		 dta $00,$00,$00,$00,$00,$00,$00,$00,$00,$00,$00,$00,$00,$00,$00,$00
    60  00 00 00 00 00 00 00 +		 dta $00,$00,$00,$00,$00,$00,$00,$00,$44,$88,$CC,$88,$44,$00,$00,$00
    61  00 00 88 00 00 00 00 +		 dta $00,$00,$88,$00,$00,$00,$00,$00,$02,$02,$00,$00,$20,$00,$00,$00
    62  02 00 00 00 00 00 00 +		 dta $02,$00,$00,$00,$00,$00,$00,$00,$00,$00,$00,$00,$00,$00,$00,$00
    63  00 00 00 00 00 00 00 +		 dta $00,$00,$00,$00,$00,$00,$00,$00,$00,$00,$00,$00,$00,$00,$00,$00
    64  00 00 00 00 00 00 00 +		 dta $00,$00,$00,$00,$00,$00,$00,$00,$00,$00,$00,$00,$00,$00,$00,$00
    65  00 00 00 00 00 00 00 +		 dta $00,$00,$00,$00,$00,$00,$00,$00,$00,$00,$00,$00,$00,$00,$00,$00
    66  00 00 00 00 00 00 00 +		 dta $00,$00,$00,$00,$00,$00,$00,$00,$00,$00,$00,$00,$00,$00,$00,$00
    67  00 00 00 00 00 00 00 +		 dta $00,$00,$00,$00,$00,$00,$00,$00,$00,$00,$00,$00,$00,$00,$00,$00
    68  00 00 00 00 00 00 00 +		 dta $00,$00,$00,$00,$00,$00,$00,$00,$00,$00,$00,$00,$00,$00,$00,$00
    69  00 00 00 00 00 00 00 +		 dta $00,$00,$00,$00,$00,$00,$00,$00,$00,$00,$00,$00,$00,$00,$00,$00
    70
    71  00 00 00 00 00 00 00 +		 dta $00,$00,$00,$00,$00,$00,$00,$00,$00,$00,$00,$00,$00,$00,$00,$00
    72  00 00 00 00 00 00 00 +		 dta $00,$00,$00,$00,$00,$00,$00,$00,$00,$00,$00,$00,$00,$00,$00,$00
    73  00 00 00 00 00 00 00 +		 dta $00,$00,$00,$00,$00,$00,$00,$00,$00,$00,$00,$00,$00,$00,$00,$00
    74  00 00 00 00 00 00 00 +		 dta $00,$00,$00,$00,$00,$00,$00,$00,$00,$00,$00,$00,$00,$00,$00,$00
    75  00 00 00 00 00 00 00 +		 dta $00,$00,$00,$00,$00,$00,$00,$00,$00,$00,$00,$00,$00,$00,$00,$0A
    76  00 00 00 00 00 00 00 +		 dta $00,$00,$00,$00,$00,$00,$00,$00,$00,$00,$00,$00,$00,$00,$00,$00
    77  00 00 00 00 00 00 00 +		 dta $00,$00,$00,$00,$00,$00,$00,$00,$40,$88,$CC,$88,$44,$00,$00,$00
    78  00 00 88 00 01 00 00 +		 dta $00,$00,$88,$00,$01,$00,$00,$00,$00,$00,$00,$00,$00,$00,$00,$00
    79  00 00 00 00 00 00 00 +		 dta $00,$00,$00,$00,$00,$00,$00,$00,$00,$00,$00,$00,$00,$00,$00,$00
    80  00 00 00 00 00 00 00 +		 dta $00,$00,$00,$00,$00,$00,$00,$00,$00,$00,$00,$00,$00,$00,$00,$00
    81  00 00 00 00 00 00 00 +		 dta $00,$00,$00,$00,$00,$00,$00,$00,$00,$00,$00,$00,$00,$00,$00,$00
    82  00 00 00 00 00 00 00 +		 dta $00,$00,$00,$00,$00,$00,$00,$00,$00,$00,$00,$00,$00,$00,$00,$00
    83  00 00 00 00 00 00 00 +		 dta $00,$00,$00,$00,$00,$00,$00,$00,$00,$00,$00,$00,$00,$00,$00,$00
    84  00 00 00 00 00 00 00 +		 dta $00,$00,$00,$00,$00,$00,$00,$00,$00,$00,$00,$00,$00,$00,$00,$00
    85  00 00 00 00 00 00 00 +		 dta $00,$00,$00,$00,$00,$00,$00,$00,$00,$00,$00,$00,$00,$00,$00,$00
    86  00 00 00 00 00 00 00 +		 dta $00,$00,$00,$00,$00,$00,$00,$00,$00,$00,$00,$00,$00,$00,$00,$00
